<?xml version="1.0" encoding="UTF-8"?>
<!-- Generated by org.testng.reporters.JUnitReportReporter -->
<testsuite hostname="DESKTOP-FU9L2KD" failures="0" tests="1" name="scaler.invalidFileUpload" time="34.505" errors="0" timestamp="2024-09-07T12:12:58 IST" skipped="0">
  <testcase classname="scaler.invalidFileUpload" name="uploadInvalidFile" time="34.505"/>
  <system-out>
    <![CDATA[Capturing Screenshot
<img src =Sat_Sep_07_12_11_19_IST_2024.jpg>Screenshot</img>
Capturing Screenshot
<img src =Sat_Sep_07_12_12_30_IST_2024.jpg>Screenshot</img>
Capturing Screenshot
<img src =Sat_Sep_07_12_12_31_IST_2024.jpg>Screenshot</img>
Capturing Screenshot
<img src =Sat_Sep_07_12_12_52_IST_2024.jpg>Screenshot</img>
Capturing Screenshot
<img src =Sat_Sep_07_12_12_53_IST_2024.jpg>Screenshot</img>]]>
  </system-out>
</testsuite> <!-- scaler.invalidFileUpload -->
