<?xml version="1.0" encoding="UTF-8"?>
<!-- Generated by org.testng.reporters.JUnitReportReporter -->
<testsuite hostname="DESKTOP-FU9L2KD" failures="0" tests="1" name="scaler.uploadInvalidFileTestCase3" time="48.058" errors="0" timestamp="2024-09-06T20:53:57 IST" skipped="0">
  <testcase classname="scaler.uploadInvalidFileTestCase3" name="uploadInvalidFile" time="48.058"/>
</testsuite> <!-- scaler.uploadInvalidFileTestCase3 -->
