<?xml version="1.0" encoding="UTF-8"?>
<!-- Generated by org.testng.reporters.JUnitReportReporter -->
<testsuite hostname="DESKTOP-FU9L2KD" failures="0" tests="1" name="scaler.uploadValidFileTestCase2" time="30.245" errors="0" timestamp="2024-09-06T20:53:57 IST" skipped="0">
  <testcase classname="scaler.uploadValidFileTestCase2" name="uploadFile" time="30.245"/>
</testsuite> <!-- scaler.uploadValidFileTestCase2 -->
